<?xml version="1.0" encoding="UTF-8"?>
<testsuite name="kr.masker.core.MaskerUtilTest" tests="12" skipped="0" failures="0" errors="0" timestamp="2026-01-18T10:36:04" hostname="righteouss-MacBook-Air.local" time="0.045">
  <properties/>
  <testcase name="[1] input=홍길동, expect=홍*동" classname="kr.masker.core.MaskerUtilTest" time="0.03"/>
  <testcase name="[2] input=홍현, expect=홍*" classname="kr.masker.core.MaskerUtilTest" time="0.0"/>
  <testcase name="[3] input=james, expect=j***s" classname="kr.masker.core.MaskerUtilTest" time="0.0"/>
  <testcase name="[1] input=test@gmail.com, expect=tes*@g********" classname="kr.masker.core.MaskerUtilTest" time="0.0"/>
  <testcase name="[2] input=test123@naver.com, expect=tes****@n********" classname="kr.masker.core.MaskerUtilTest" time="0.0"/>
  <testcase name="[3] input=test123123@sample.com, expect=tes*******@s*********" classname="kr.masker.core.MaskerUtilTest" time="0.0"/>
  <testcase name="[1] input=01011112222, expect=010****2222" classname="kr.masker.core.MaskerUtilTest" time="0.0"/>
  <testcase name="[2] input=01033334444, expect=010****4444" classname="kr.masker.core.MaskerUtilTest" time="0.0"/>
  <testcase name="[1] input=123123123, expect=*********" classname="kr.masker.core.MaskerUtilTest" time="0.001"/>
  <testcase name="[2] input=password123, expect=***********" classname="kr.masker.core.MaskerUtilTest" time="0.0"/>
  <testcase name="[1] input=123123, expect=*" classname="kr.masker.core.MaskerUtilTest" time="0.0"/>
  <testcase name="[2] input=test@gmail.com, expect=*" classname="kr.masker.core.MaskerUtilTest" time="0.0"/>
  <system-out><![CDATA[]]></system-out>
  <system-err><![CDATA[]]></system-err>
</testsuite>
